<?xml version="1.0" encoding="UTF-8"?>
<testng-results skipped="0" failed="0" ignored="0" total="1" passed="1">
  <reporter-output>
  </reporter-output>
  <suite name="Default suite" duration-ms="31570" started-at="2019-03-05T16:29:35Z" finished-at="2019-03-05T16:30:06Z">
    <groups>
    </groups>
    <test name="Default test" duration-ms="31570" started-at="2019-03-05T16:29:35Z" finished-at="2019-03-05T16:30:06Z">
      <class name="ValidLogIn">
        <test-method status="PASS" signature="test()[pri:0, instance:ValidLogIn@16d4b5c]" name="test" is-config="true" duration-ms="27139" started-at="2019-03-05T21:59:35Z" finished-at="2019-03-05T22:00:02Z">
          <reporter-output>
          </reporter-output>
        </test-method> <!-- test -->
        <test-method status="PASS" signature="testValidLogin()[pri:0, instance:ValidLogIn@16d4b5c]" name="testValidLogin" duration-ms="1092" started-at="2019-03-05T22:00:02Z" finished-at="2019-03-05T22:00:03Z">
          <reporter-output>
          </reporter-output>
        </test-method> <!-- testValidLogin -->
        <test-method status="PASS" signature="closeBrowser()[pri:0, instance:ValidLogIn@16d4b5c]" name="closeBrowser" is-config="true" duration-ms="3276" started-at="2019-03-05T22:00:03Z" finished-at="2019-03-05T22:00:06Z">
          <reporter-output>
          </reporter-output>
        </test-method> <!-- closeBrowser -->
      </class> <!-- ValidLogIn -->
    </test> <!-- Default test -->
  </suite> <!-- Default suite -->
</testng-results>
